<?xml version="1.0" encoding="UTF-8"?>
<!-- Generated by org.testng.reporters.JUnitXMLReporter -->
<testsuite hostname="LAPTOP-M6Q9KTFA" ignored="4" name="Test" tests="2" failures="0" timestamp="15 Apr 2020 10:44:15 GMT" time="4.57" errors="0">
  <testcase name="@BeforeTest methodLevelSetup" time="4.167" classname="androidCapabilities.androidCapabilities2">
    <failure type="org.openqa.selenium.WebDriverException" message="Connection refused: connect
Build info: version: &amp;apos;3.141.59&amp;apos;, revision: &amp;apos;e82be7d358&amp;apos;, time: &amp;apos;2018-11-14T08:17:03&amp;apos;
System info: host: &amp;apos;LAPTOP-M6Q9KTFA&amp;apos;, ip: &amp;apos;192.168.100.179&amp;apos;, os.name: &amp;apos;Windows 10&amp;apos;, os.arch: &amp;apos;amd64&amp;apos;, os.version: &amp;apos;10.0&amp;apos;, java.version: &amp;apos;1.8.0_211&amp;apos;
Driver info: driver.version: AndroidDriver">
      <![CDATA[org.openqa.selenium.WebDriverException: Connection refused: connectBuild info: version: '3.141.59', revision: 'e82be7d358', time: '2018-11-14T08:17:03'System info: host: 'LAPTOP-M6Q9KTFA', ip: '192.168.100.179', os.name: 'Windows 10', os.arch: 'amd64', os.version: '10.0', java.version: '1.8.0_211'Driver info: driver.version: AndroidDriverat io.appium.java_client.remote.AppiumCommandExecutor.lambda$5(AppiumCommandExecutor.java:251)at java.util.Optional.orElseGet(Optional.java:267)at io.appium.java_client.remote.AppiumCommandExecutor.execute(AppiumCommandExecutor.java:250)at org.openqa.selenium.remote.RemoteWebDriver.execute(RemoteWebDriver.java:552)at io.appium.java_client.DefaultGenericMobileDriver.execute(DefaultGenericMobileDriver.java:41)at io.appium.java_client.AppiumDriver.execute(AppiumDriver.java:1)at io.appium.java_client.android.AndroidDriver.execute(AndroidDriver.java:1)at org.openqa.selenium.remote.RemoteWebDriver.startSession(RemoteWebDriver.java:213)at io.appium.java_client.AppiumDriver.startSession(AppiumDriver.java:323)at org.openqa.selenium.remote.RemoteWebDriver.<init>(RemoteWebDriver.java:131)at io.appium.java_client.DefaultGenericMobileDriver.<init>(DefaultGenericMobileDriver.java:37)at io.appium.java_client.AppiumDriver.<init>(AppiumDriver.java:86)at io.appium.java_client.AppiumDriver.<init>(AppiumDriver.java:96)at io.appium.java_client.android.AndroidDriver.<init>(AndroidDriver.java:94)at androidCapabilities.androidCapabilities2.methodLevelSetup(androidCapabilities2.java:88)Caused by: java.net.ConnectException: Connection refused: connectat java.net.DualStackPlainSocketImpl.waitForConnect(Native Method)at java.net.DualStackPlainSocketImpl.socketConnect(DualStackPlainSocketImpl.java:85)at java.net.AbstractPlainSocketImpl.doConnect(AbstractPlainSocketImpl.java:350)at java.net.AbstractPlainSocketImpl.connectToAddress(AbstractPlainSocketImpl.java:206)at java.net.AbstractPlainSocketImpl.connect(AbstractPlainSocketImpl.java:188)at java.net.PlainSocketImpl.connect(PlainSocketImpl.java:172)at java.net.SocksSocketImpl.connect(SocksSocketImpl.java:392)at java.net.Socket.connect(Socket.java:589)at okhttp3.internal.platform.Platform.connectSocket(Platform.java:129)at okhttp3.internal.connection.RealConnection.connectSocket(RealConnection.java:245)at okhttp3.internal.connection.RealConnection.connect(RealConnection.java:165)at okhttp3.internal.connection.StreamAllocation.findConnection(StreamAllocation.java:257)at okhttp3.internal.connection.StreamAllocation.findHealthyConnection(StreamAllocation.java:135)at okhttp3.internal.connection.StreamAllocation.newStream(StreamAllocation.java:114)at okhttp3.internal.connection.ConnectInterceptor.intercept(ConnectInterceptor.java:42)at okhttp3.internal.http.RealInterceptorChain.proceed(RealInterceptorChain.java:147)at okhttp3.internal.http.RealInterceptorChain.proceed(RealInterceptorChain.java:121)at okhttp3.internal.cache.CacheInterceptor.intercept(CacheInterceptor.java:93)at okhttp3.internal.http.RealInterceptorChain.proceed(RealInterceptorChain.java:147)at okhttp3.internal.http.RealInterceptorChain.proceed(RealInterceptorChain.java:121)at okhttp3.internal.http.BridgeInterceptor.intercept(BridgeInterceptor.java:93)at okhttp3.internal.http.RealInterceptorChain.proceed(RealInterceptorChain.java:147)at okhttp3.internal.http.RetryAndFollowUpInterceptor.intercept(RetryAndFollowUpInterceptor.java:126)at okhttp3.internal.http.RealInterceptorChain.proceed(RealInterceptorChain.java:147)at okhttp3.internal.http.RealInterceptorChain.proceed(RealInterceptorChain.java:121)at okhttp3.RealCall.getResponseWithInterceptorChain(RealCall.java:200)at okhttp3.RealCall.execute(RealCall.java:77)at org.openqa.selenium.remote.internal.OkHttpClient.execute(OkHttpClient.java:103)at org.openqa.selenium.remote.ProtocolHandshake.createSession(ProtocolHandshake.java:105)at io.appium.java_client.remote.AppiumCommandExecutor$1.createSession(AppiumCommandExecutor.java:186)at io.appium.java_client.remote.AppiumCommandExecutor.createSession(AppiumCommandExecutor.java:217)at io.appium.java_client.remote.AppiumCommandExecutor.execute(AppiumCommandExecutor.java:239)... 39 more... Removed 31 stack frames]]>
    </failure>
  </testcase> <!-- @BeforeTest methodLevelSetup -->
  <testcase name="@AfterTest teardown" time="0.0" classname="androidCapabilities.androidCapabilities2">
    <skipped/>
  </testcase> <!-- @AfterTest teardown -->
  <testcase name="amazonSignIn" time="0.0" classname="AmazonHydridFramework.Testcases.WelcomePageTest">
    <skipped/>
  </testcase> <!-- amazonSignIn -->
  <testcase name="login" time="0.0" classname="AmazonHydridFramework.Testcases.LoginPageTest">
    <skipped/>
  </testcase> <!-- login -->
  <testcase name="@BeforeTest methodLevelSetup" time="0.0" classname="androidCapabilities.androidCapabilities2">
    <ignored/>
  </testcase> <!-- @BeforeTest methodLevelSetup -->
  <testcase name="amazonSkipSignIn" time="0.0" classname="AmazonHydridFramework.Testcases.WelcomePageTest">
    <ignored/>
  </testcase> <!-- amazonSkipSignIn -->
  <testcase name="amazonSignUp" time="0.0" classname="AmazonHydridFramework.Testcases.WelcomePageTest">
    <ignored/>
  </testcase> <!-- amazonSignUp -->
  <testcase name="@AfterTest teardown" time="0.0" classname="androidCapabilities.androidCapabilities2">
    <ignored/>
  </testcase> <!-- @AfterTest teardown -->
</testsuite> <!-- Test -->
