<?xml version="1.0" encoding="UTF-8"?>
<testsuite xmlns:xsi="http://www.w3.org/2001/XMLSchema-instance" xsi:schemaLocation="https://maven.apache.org/surefire/maven-surefire-plugin/xsd/surefire-test-report.xsd" name="TestSuite" time="12.133" tests="5" errors="0" skipped="4" failures="1">
  <properties>
[...]
</properties>
  <testcase name="methodLevelSetup" classname="AmazonHydridFramework.Testcases.LoginPageTest" time="11.797">
    <failure message="Connection refused: connect&#10;Build info: version: &apos;3.141.59&apos;, revision: &apos;e82be7d358&apos;, time: &apos;2018-11-14T08:17:03&apos;&#10;System info: host: &apos;LAPTOP-M6Q9KTFA&apos;, ip: &apos;192.168.100.179&apos;, os.name: &apos;Windows 10&apos;, os.arch: &apos;amd64&apos;, os.version: &apos;10.0&apos;, java.version: &apos;1.8.0_211&apos;&#10;Driver info: driver.version: AndroidDriver" type="org.openqa.selenium.WebDriverException">org.openqa.selenium.WebDriverException: 
Connection refused: connect
Build info: version: '3.141.59', revision: 'e82be7d358', time: '2018-11-14T08:17:03'
System info: host: 'LAPTOP-M6Q9KTFA', ip: '192.168.100.179', os.name: 'Windows 10', os.arch: 'amd64', os.version: '10.0', java.version: '1.8.0_211'
Driver info: driver.version: AndroidDriver
Caused by: java.net.ConnectException: Connection refused: connect
</failure>
    <system-out><![CDATA[I am in onStart method Test
I am in onStart method Test
LOG-checknull
LOG-checkcom.relevantcodes.extentreports.ExtentReports@7b32b129
]]></system-out>
    <system-err><![CDATA[SLF4J: Failed to load class "org.slf4j.impl.StaticLoggerBinder".
SLF4J: Defaulting to no-operation (NOP) logger implementation
SLF4J: See http://www.slf4j.org/codes.html#StaticLoggerBinder for further details.
]]></system-err>
  </testcase>
  <testcase name="amazonSignIn" classname="AmazonHydridFramework.Testcases.WelcomePageTest" time="0">
    <skipped message="Connection refused: connect&#10;Build info: version: &apos;3.141.59&apos;, revision: &apos;e82be7d358&apos;, time: &apos;2018-11-14T08:17:03&apos;&#10;System info: host: &apos;LAPTOP-M6Q9KTFA&apos;, ip: &apos;192.168.100.179&apos;, os.name: &apos;Windows 10&apos;, os.arch: &apos;amd64&apos;, os.version: &apos;10.0&apos;, java.version: &apos;1.8.0_211&apos;&#10;Driver info: driver.version: AndroidDriver"/>
  </testcase>
  <testcase name="login" classname="AmazonHydridFramework.Testcases.LoginPageTest" time="0">
    <skipped message="Method LoginPageTest.login()[pri:0, instance:AmazonHydridFramework.Testcases.LoginPageTest@3abfe845] depends on not successfully finished methods in group &quot;WelcomePage&quot;"/>
  </testcase>
  <testcase name="teardown" classname="AmazonHydridFramework.Testcases.LoginPageTest" time="0">
    <skipped/>
  </testcase>
  <testcase name="generateReport" classname="AmazonHydridFramework.Testcases.LoginPageTest" time="0">
    <skipped/>
    <system-out><![CDATA[I am in onFinish method Test
I am in onFinish method Test
]]></system-out>
  </testcase>
</testsuite>