<?xml version="1.0" encoding="UTF-8"?>
<testng-results skipped="0" failed="1" ignored="4" total="6" passed="1">
  <reporter-output>
  </reporter-output>
  <suite name="Default suite" duration-ms="53159" started-at="2020-04-04T18:48:54Z" finished-at="2020-04-04T18:49:47Z">
    <groups>
      <group name="LoginPage">
        <method signature="LoginPageTest.login()[pri:0, instance:AmazonHydridFramework.Testcases.LoginPageTest@16c587de]" name="login" class="AmazonHydridFramework.Testcases.LoginPageTest"/>
      </group> <!-- LoginPage -->
      <group name="WelcomePage">
        <method signature="WelcomePageTest.amazonSignIn()[pri:0, instance:AmazonHydridFramework.Testcases.WelcomePageTest@ebd06a9]" name="amazonSignIn" class="AmazonHydridFramework.Testcases.WelcomePageTest"/>
      </group> <!-- WelcomePage -->
    </groups>
    <test name="Default test" duration-ms="53159" started-at="2020-04-04T18:48:54Z" finished-at="2020-04-04T18:49:47Z">
      <class name="AmazonHydridFramework.Testcases.WelcomePageTest">
        <test-method status="PASS" signature="methodLevelSetup()[pri:0, instance:AmazonHydridFramework.Testcases.WelcomePageTest@ebd06a9]" name="methodLevelSetup" is-config="true" duration-ms="15601" started-at="2020-04-05T00:18:54Z" finished-at="2020-04-05T00:19:10Z">
          <reporter-output>
          </reporter-output>
        </test-method> <!-- methodLevelSetup -->
        <test-method status="PASS" signature="amazonSignIn()[pri:0, instance:AmazonHydridFramework.Testcases.WelcomePageTest@ebd06a9]" name="amazonSignIn" duration-ms="1187" started-at="2020-04-05T00:19:10Z" description="WelcomePage with SignInbutton" finished-at="2020-04-05T00:19:11Z">
          <reporter-output>
          </reporter-output>
        </test-method> <!-- amazonSignIn -->
        <test-method status="PASS" signature="teardown()[pri:0, instance:AmazonHydridFramework.Testcases.WelcomePageTest@ebd06a9]" name="teardown" is-config="true" duration-ms="1636" started-at="2020-04-05T00:19:45Z" finished-at="2020-04-05T00:19:47Z">
          <reporter-output>
          </reporter-output>
        </test-method> <!-- teardown -->
      </class> <!-- AmazonHydridFramework.Testcases.WelcomePageTest -->
      <class name="AmazonHydridFramework.Testcases.LoginPageTest">
        <test-method status="FAIL" signature="login()[pri:0, instance:AmazonHydridFramework.Testcases.LoginPageTest@16c587de]" name="login" duration-ms="33624" depends-on-groups="WelcomePage" started-at="2020-04-05T00:19:11Z" description="Navigate to LoginPage" finished-at="2020-04-05T00:19:45Z">
          <exception class="org.openqa.selenium.NoSuchElementException">
            <message>
              <![CDATA[An element could not be located on the page using the given search parameters.For documentation on this error, please visit: https://www.seleniumhq.org/exceptions/no_such_element.htmlBuild info: version: '3.141.59', revision: 'e82be7d358', time: '2018-11-14T08:17:03'System info: host: 'LAPTOP-M6Q9KTFA', ip: '192.168.100.187', os.name: 'Windows 10', os.arch: 'amd64', os.version: '10.0', java.version: '1.8.0_211'Driver info: io.appium.java_client.android.AndroidDriverCapabilities {appActivity: com.amazon.mShop.splashscre..., appPackage: in.amazon.mShop.android.sho..., databaseEnabled: false, desired: {appActivity: com.amazon.mShop.splashscre..., appPackage: in.amazon.mShop.android.sho..., deviceName: Android, fullReset: false, noReset: true, platformName: android, platformVersion: 9PKQ1, udid: a8503388}, deviceApiLevel: 29, deviceManufacturer: Xiaomi, deviceModel: POCO F1, deviceName: a8503388, deviceScreenDensity: 440, deviceScreenSize: 1080x2246, deviceUDID: a8503388, fullReset: false, javascriptEnabled: true, locationContextEnabled: false, networkConnectionEnabled: true, noReset: true, pixelRatio: 2.75, platform: LINUX, platformName: Android, platformVersion: 10, statBarHeight: 89, takesScreenshot: true, udid: a8503388, viewportRect: {height: 1938, left: 0, top: 89, width: 1080}, warnings: {}, webStorageEnabled: false}Session ID: 1f0e01ef-5df9-4571-bf87-b411529f721f*** Element info: {Using=xpath, value=//android.widget.EditText[contains(@resource-id,'ap_password')]}]]>
            </message>
            <full-stacktrace>
              <![CDATA[org.openqa.selenium.NoSuchElementException: An element could not be located on the page using the given search parameters.For documentation on this error, please visit: https://www.seleniumhq.org/exceptions/no_such_element.htmlBuild info: version: '3.141.59', revision: 'e82be7d358', time: '2018-11-14T08:17:03'System info: host: 'LAPTOP-M6Q9KTFA', ip: '192.168.100.187', os.name: 'Windows 10', os.arch: 'amd64', os.version: '10.0', java.version: '1.8.0_211'Driver info: io.appium.java_client.android.AndroidDriverCapabilities {appActivity: com.amazon.mShop.splashscre..., appPackage: in.amazon.mShop.android.sho..., databaseEnabled: false, desired: {appActivity: com.amazon.mShop.splashscre..., appPackage: in.amazon.mShop.android.sho..., deviceName: Android, fullReset: false, noReset: true, platformName: android, platformVersion: 9PKQ1, udid: a8503388}, deviceApiLevel: 29, deviceManufacturer: Xiaomi, deviceModel: POCO F1, deviceName: a8503388, deviceScreenDensity: 440, deviceScreenSize: 1080x2246, deviceUDID: a8503388, fullReset: false, javascriptEnabled: true, locationContextEnabled: false, networkConnectionEnabled: true, noReset: true, pixelRatio: 2.75, platform: LINUX, platformName: Android, platformVersion: 10, statBarHeight: 89, takesScreenshot: true, udid: a8503388, viewportRect: {height: 1938, left: 0, top: 89, width: 1080}, warnings: {}, webStorageEnabled: false}Session ID: 1f0e01ef-5df9-4571-bf87-b411529f721f*** Element info: {Using=xpath, value=//android.widget.EditText[contains(@resource-id,'ap_password')]}at sun.reflect.NativeConstructorAccessorImpl.newInstance0(Native Method)at sun.reflect.NativeConstructorAccessorImpl.newInstance(NativeConstructorAccessorImpl.java:62)at sun.reflect.DelegatingConstructorAccessorImpl.newInstance(DelegatingConstructorAccessorImpl.java:45)at java.lang.reflect.Constructor.newInstance(Constructor.java:423)at org.openqa.selenium.remote.http.W3CHttpResponseCodec.createException(W3CHttpResponseCodec.java:187)at org.openqa.selenium.remote.http.W3CHttpResponseCodec.decode(W3CHttpResponseCodec.java:122)at org.openqa.selenium.remote.http.W3CHttpResponseCodec.decode(W3CHttpResponseCodec.java:49)at org.openqa.selenium.remote.HttpCommandExecutor.execute(HttpCommandExecutor.java:158)at io.appium.java_client.remote.AppiumCommandExecutor.execute(AppiumCommandExecutor.java:239)at org.openqa.selenium.remote.RemoteWebDriver.execute(RemoteWebDriver.java:552)at io.appium.java_client.DefaultGenericMobileDriver.execute(DefaultGenericMobileDriver.java:41)at io.appium.java_client.AppiumDriver.execute(AppiumDriver.java:1)at io.appium.java_client.android.AndroidDriver.execute(AndroidDriver.java:1)at org.openqa.selenium.remote.RemoteWebDriver.findElement(RemoteWebDriver.java:323)at io.appium.java_client.DefaultGenericMobileDriver.findElement(DefaultGenericMobileDriver.java:61)at io.appium.java_client.AppiumDriver.findElement(AppiumDriver.java:1)at io.appium.java_client.android.AndroidDriver.findElement(AndroidDriver.java:1)at org.openqa.selenium.remote.RemoteWebDriver.findElementByXPath(RemoteWebDriver.java:428)at io.appium.java_client.DefaultGenericMobileDriver.findElementByXPath(DefaultGenericMobileDriver.java:151)at io.appium.java_client.AppiumDriver.findElementByXPath(AppiumDriver.java:1)at io.appium.java_client.android.AndroidDriver.findElementByXPath(AndroidDriver.java:1)at org.openqa.selenium.By$ByXPath.findElement(By.java:353)at org.openqa.selenium.remote.RemoteWebDriver.findElement(RemoteWebDriver.java:315)at io.appium.java_client.DefaultGenericMobileDriver.findElement(DefaultGenericMobileDriver.java:57)at io.appium.java_client.AppiumDriver.findElement(AppiumDriver.java:1)at io.appium.java_client.android.AndroidDriver.findElement(AndroidDriver.java:1)at AmazonPageObjects.LoginPage.enterPassword(LoginPage.java:51)at AmazonPageObjects.LoginPage.loginIntoApp(LoginPage.java:78)at AmazonHydridFramework.Testcases.LoginPageTest.login(LoginPageTest.java:52)at sun.reflect.NativeMethodAccessorImpl.invoke0(Native Method)at sun.reflect.NativeMethodAccessorImpl.invoke(NativeMethodAccessorImpl.java:62)at sun.reflect.DelegatingMethodAccessorImpl.invoke(DelegatingMethodAccessorImpl.java:43)at java.lang.reflect.Method.invoke(Method.java:498)at org.testng.internal.MethodInvocationHelper.invokeMethod(MethodInvocationHelper.java:124)at org.testng.internal.Invoker.invokeMethod(Invoker.java:571)at org.testng.internal.Invoker.invokeTestMethod(Invoker.java:707)at org.testng.internal.Invoker.invokeTestMethods(Invoker.java:979)at org.testng.internal.TestMethodWorker.invokeTestMethods(TestMethodWorker.java:125)at org.testng.internal.TestMethodWorker.run(TestMethodWorker.java:109)at org.testng.TestRunner.privateRun(TestRunner.java:648)at org.testng.TestRunner.run(TestRunner.java:505)at org.testng.SuiteRunner.runTest(SuiteRunner.java:455)at org.testng.SuiteRunner.runSequentially(SuiteRunner.java:450)at org.testng.SuiteRunner.privateRun(SuiteRunner.java:415)at org.testng.SuiteRunner.run(SuiteRunner.java:364)at org.testng.SuiteRunnerWorker.runSuite(SuiteRunnerWorker.java:52)at org.testng.SuiteRunnerWorker.run(SuiteRunnerWorker.java:84)at org.testng.TestNG.runSuitesSequentially(TestNG.java:1187)at org.testng.TestNG.runSuitesLocally(TestNG.java:1116)at org.testng.TestNG.runSuites(TestNG.java:1028)at org.testng.TestNG.run(TestNG.java:996)at org.testng.remote.AbstractRemoteTestNG.run(AbstractRemoteTestNG.java:115)at org.testng.remote.RemoteTestNG.initAndRun(RemoteTestNG.java:251)at org.testng.remote.RemoteTestNG.main(RemoteTestNG.java:77)]]>
            </full-stacktrace>
          </exception> <!-- org.openqa.selenium.NoSuchElementException -->
          <reporter-output>
          </reporter-output>
        </test-method> <!-- login -->
      </class> <!-- AmazonHydridFramework.Testcases.LoginPageTest -->
    </test> <!-- Default test -->
  </suite> <!-- Default suite -->
</testng-results>
